2021-05-27 22:29:20,316 INFO SPI service [com.alipay.sofa.jraft.JRaftServiceFactory - com.alipay.sofa.jraft.core.DefaultJRaftServiceFactory] loading.

2021-05-27 22:29:20,417 INFO SPI service [com.alipay.sofa.jraft.rpc.RaftRpcFactory - com.alipay.sofa.jraft.rpc.impl.GrpcRaftRpcFactory] loading.

2021-05-27 22:29:20,587 INFO SPI service [com.alipay.sofa.jraft.util.JRaftSignalHandler - com.alipay.sofa.jraft.NodeDescribeSignalHandler] loading.

2021-05-27 22:29:20,589 INFO SPI service [com.alipay.sofa.jraft.util.JRaftSignalHandler - com.alipay.sofa.jraft.NodeMetricsSignalHandler] loading.

2021-05-27 22:29:20,590 INFO SPI service [com.alipay.sofa.jraft.util.JRaftSignalHandler - com.alipay.sofa.jraft.ThreadPoolMetricsSignalHandler] loading.

2021-05-27 22:29:20,595 INFO SPI service [com.alipay.sofa.jraft.util.timer.RaftTimerFactory - com.alipay.sofa.jraft.util.timer.DefaultRaftTimerFactory] loading.

2021-05-27 22:29:20,602 INFO The number of active nodes increment to 1.

2021-05-27 22:29:20,838 INFO Starts FSMCaller successfully.

2021-05-27 22:29:20,846 WARN No data for snapshot reader /home/nacos/data/protocol/raft/naming_persistent_service_v2/snapshot.

2021-05-27 22:29:20,865 INFO Node <naming_persistent_service_v2/bde43fc65afb:7848> init, term=0, lastLogId=LogId [index=0, term=0], conf=bde43fc65afb:7848, oldConf=.

2021-05-27 22:29:20,869 INFO Node <naming_persistent_service_v2/bde43fc65afb:7848> start vote and grant vote self, term=0.

2021-05-27 22:29:20,904 INFO Save raft meta, path=/home/nacos/data/protocol/raft/naming_persistent_service_v2/meta-data, term=1, votedFor=bde43fc65afb:7848, cost time=29 ms

2021-05-27 22:29:20,905 INFO Node <naming_persistent_service_v2/bde43fc65afb:7848> become leader of group, term=1, conf=bde43fc65afb:7848, oldConf=.

2021-05-27 22:29:20,909 INFO -Djraft.recyclers.maxCapacityPerThread: 4096.

2021-05-27 22:29:20,913 WARN RPC server is not started in RaftGroupService.

2021-05-27 22:29:20,914 INFO Start the RaftGroupService successfully.

2021-05-27 22:29:20,952 INFO onLeaderStart: term=1.

2021-05-27 22:29:20,972 INFO The number of active nodes increment to 2.

2021-05-27 22:29:21,049 WARN Channel in TRANSIENT_FAILURE state: bde43fc65afb:7848.

2021-05-27 22:29:21,050 WARN Channel in SHUTDOWN state: bde43fc65afb:7848.

2021-05-27 22:29:21,209 INFO Starts FSMCaller successfully.

2021-05-27 22:29:21,210 WARN No data for snapshot reader /home/nacos/data/protocol/raft/naming_instance_metadata/snapshot.

2021-05-27 22:29:21,213 INFO Node <naming_instance_metadata/bde43fc65afb:7848> init, term=0, lastLogId=LogId [index=0, term=0], conf=bde43fc65afb:7848, oldConf=.

2021-05-27 22:29:21,215 INFO Node <naming_instance_metadata/bde43fc65afb:7848> start vote and grant vote self, term=0.

2021-05-27 22:29:21,224 INFO Save raft meta, path=/home/nacos/data/protocol/raft/naming_instance_metadata/meta-data, term=1, votedFor=bde43fc65afb:7848, cost time=8 ms

2021-05-27 22:29:21,224 INFO Node <naming_instance_metadata/bde43fc65afb:7848> become leader of group, term=1, conf=bde43fc65afb:7848, oldConf=.

2021-05-27 22:29:21,226 WARN RPC server is not started in RaftGroupService.

2021-05-27 22:29:21,231 INFO Start the RaftGroupService successfully.

2021-05-27 22:29:21,241 INFO onLeaderStart: term=1.

2021-05-27 22:29:21,261 INFO The number of active nodes increment to 3.

2021-05-27 22:29:21,463 INFO Starts FSMCaller successfully.

2021-05-27 22:29:21,464 WARN No data for snapshot reader /home/nacos/data/protocol/raft/naming_service_metadata/snapshot.

2021-05-27 22:29:21,466 INFO Node <naming_service_metadata/bde43fc65afb:7848> init, term=0, lastLogId=LogId [index=0, term=0], conf=bde43fc65afb:7848, oldConf=.

2021-05-27 22:29:21,466 INFO Node <naming_service_metadata/bde43fc65afb:7848> start vote and grant vote self, term=0.

2021-05-27 22:29:21,478 INFO Save raft meta, path=/home/nacos/data/protocol/raft/naming_service_metadata/meta-data, term=1, votedFor=bde43fc65afb:7848, cost time=12 ms

2021-05-27 22:29:21,479 INFO Node <naming_service_metadata/bde43fc65afb:7848> become leader of group, term=1, conf=bde43fc65afb:7848, oldConf=.

2021-05-27 22:29:21,480 WARN RPC server is not started in RaftGroupService.

2021-05-27 22:29:21,481 INFO Start the RaftGroupService successfully.

2021-05-27 22:29:21,491 INFO onLeaderStart: term=1.

2021-05-27 22:31:06,824 INFO SPI service [com.alipay.sofa.jraft.JRaftServiceFactory - com.alipay.sofa.jraft.core.DefaultJRaftServiceFactory] loading.

2021-05-27 22:31:06,878 INFO SPI service [com.alipay.sofa.jraft.rpc.RaftRpcFactory - com.alipay.sofa.jraft.rpc.impl.GrpcRaftRpcFactory] loading.

2021-05-27 22:31:07,013 INFO SPI service [com.alipay.sofa.jraft.util.JRaftSignalHandler - com.alipay.sofa.jraft.NodeDescribeSignalHandler] loading.

2021-05-27 22:31:07,015 INFO SPI service [com.alipay.sofa.jraft.util.JRaftSignalHandler - com.alipay.sofa.jraft.NodeMetricsSignalHandler] loading.

2021-05-27 22:31:07,017 INFO SPI service [com.alipay.sofa.jraft.util.JRaftSignalHandler - com.alipay.sofa.jraft.ThreadPoolMetricsSignalHandler] loading.

2021-05-27 22:31:07,020 INFO SPI service [com.alipay.sofa.jraft.util.timer.RaftTimerFactory - com.alipay.sofa.jraft.util.timer.DefaultRaftTimerFactory] loading.

2021-05-27 22:31:07,027 INFO The number of active nodes increment to 1.

2021-05-27 22:31:07,217 INFO Starts FSMCaller successfully.

2021-05-27 22:31:07,226 WARN No data for snapshot reader /home/nacos/data/protocol/raft/naming_persistent_service_v2/snapshot.

2021-05-27 22:31:07,246 INFO Node <naming_persistent_service_v2/9b9a657178fc:7848> init, term=0, lastLogId=LogId [index=0, term=0], conf=9b9a657178fc:7848, oldConf=.

2021-05-27 22:31:07,253 INFO Node <naming_persistent_service_v2/9b9a657178fc:7848> start vote and grant vote self, term=0.

2021-05-27 22:31:07,285 INFO Save raft meta, path=/home/nacos/data/protocol/raft/naming_persistent_service_v2/meta-data, term=1, votedFor=9b9a657178fc:7848, cost time=22 ms

2021-05-27 22:31:07,286 INFO Node <naming_persistent_service_v2/9b9a657178fc:7848> become leader of group, term=1, conf=9b9a657178fc:7848, oldConf=.

2021-05-27 22:31:07,290 INFO -Djraft.recyclers.maxCapacityPerThread: 4096.

2021-05-27 22:31:07,298 WARN RPC server is not started in RaftGroupService.

2021-05-27 22:31:07,299 INFO Start the RaftGroupService successfully.

2021-05-27 22:31:07,311 INFO onLeaderStart: term=1.

2021-05-27 22:31:07,358 INFO The number of active nodes increment to 2.

2021-05-27 22:31:07,410 WARN Channel in TRANSIENT_FAILURE state: 9b9a657178fc:7848.

2021-05-27 22:31:07,411 WARN Channel in SHUTDOWN state: 9b9a657178fc:7848.

2021-05-27 22:31:07,456 INFO Starts FSMCaller successfully.

2021-05-27 22:31:07,457 WARN No data for snapshot reader /home/nacos/data/protocol/raft/naming_instance_metadata/snapshot.

2021-05-27 22:31:07,459 INFO Node <naming_instance_metadata/9b9a657178fc:7848> init, term=0, lastLogId=LogId [index=0, term=0], conf=9b9a657178fc:7848, oldConf=.

2021-05-27 22:31:07,471 INFO Node <naming_instance_metadata/9b9a657178fc:7848> start vote and grant vote self, term=0.

2021-05-27 22:31:07,480 INFO Save raft meta, path=/home/nacos/data/protocol/raft/naming_instance_metadata/meta-data, term=1, votedFor=9b9a657178fc:7848, cost time=7 ms

2021-05-27 22:31:07,480 INFO Node <naming_instance_metadata/9b9a657178fc:7848> become leader of group, term=1, conf=9b9a657178fc:7848, oldConf=.

2021-05-27 22:31:07,481 WARN RPC server is not started in RaftGroupService.

2021-05-27 22:31:07,482 INFO Start the RaftGroupService successfully.

2021-05-27 22:31:07,488 INFO The number of active nodes increment to 3.

2021-05-27 22:31:07,494 INFO onLeaderStart: term=1.

2021-05-27 22:31:07,580 INFO Starts FSMCaller successfully.

2021-05-27 22:31:07,581 WARN No data for snapshot reader /home/nacos/data/protocol/raft/naming_service_metadata/snapshot.

2021-05-27 22:31:07,591 INFO Node <naming_service_metadata/9b9a657178fc:7848> init, term=0, lastLogId=LogId [index=0, term=0], conf=9b9a657178fc:7848, oldConf=.

2021-05-27 22:31:07,593 INFO Node <naming_service_metadata/9b9a657178fc:7848> start vote and grant vote self, term=0.

2021-05-27 22:31:07,609 INFO Save raft meta, path=/home/nacos/data/protocol/raft/naming_service_metadata/meta-data, term=1, votedFor=9b9a657178fc:7848, cost time=11 ms

2021-05-27 22:31:07,609 INFO Node <naming_service_metadata/9b9a657178fc:7848> become leader of group, term=1, conf=9b9a657178fc:7848, oldConf=.

2021-05-27 22:31:07,610 WARN RPC server is not started in RaftGroupService.

2021-05-27 22:31:07,610 INFO Start the RaftGroupService successfully.

2021-05-27 22:31:07,630 INFO onLeaderStart: term=1.

2021-05-27 22:49:14,538 INFO Deleting snapshot /home/nacos/data/protocol/raft/naming_persistent_service_v2/snapshot/snapshot_1.

2021-05-27 22:49:14,540 INFO Renaming /home/nacos/data/protocol/raft/naming_persistent_service_v2/snapshot/temp to /home/nacos/data/protocol/raft/naming_persistent_service_v2/snapshot/snapshot_1.

2021-05-27 22:49:18,408 INFO Deleting snapshot /home/nacos/data/protocol/raft/naming_service_metadata/snapshot/snapshot_1.

2021-05-27 22:49:18,409 INFO Renaming /home/nacos/data/protocol/raft/naming_service_metadata/snapshot/temp to /home/nacos/data/protocol/raft/naming_service_metadata/snapshot/snapshot_1.

2021-05-27 22:54:07,873 INFO Deleting snapshot /home/nacos/data/protocol/raft/naming_instance_metadata/snapshot/snapshot_1.

2021-05-27 22:54:07,874 INFO Renaming /home/nacos/data/protocol/raft/naming_instance_metadata/snapshot/temp to /home/nacos/data/protocol/raft/naming_instance_metadata/snapshot/snapshot_1.

