2021-05-27 22:03:03,545 ERROR [master-db] master db not found.

2021-05-27 22:03:08,562 ERROR [db-error] master db  down.

2021-05-27 22:03:09,750 WARN isQuickStart:false

2021-05-27 22:03:09,757 ERROR Nacos Server did not start because dumpservice bean construction failure :
java.lang.IllegalStateException: No DataSource set

2021-05-27 22:06:47,288 ERROR [master-db] master db not found.

2021-05-27 22:06:52,307 ERROR [db-error] master db  down.

2021-05-27 22:06:53,432 WARN isQuickStart:false

2021-05-27 22:06:53,439 ERROR Nacos Server did not start because dumpservice bean construction failure :
java.lang.IllegalStateException: No DataSource set

2021-05-27 22:09:04,234 ERROR [master-db] master db not found.

2021-05-27 22:09:09,258 ERROR [db-error] master db  down.

2021-05-27 22:09:10,571 WARN isQuickStart:false

2021-05-27 22:09:10,577 ERROR Nacos Server did not start because dumpservice bean construction failure :
java.lang.IllegalStateException: No DataSource set

2021-05-27 22:20:00,229 ERROR [master-db] master db not found.

2021-05-27 22:20:05,250 ERROR [db-error] master db  down.

2021-05-27 22:20:06,597 WARN isQuickStart:false

2021-05-27 22:20:06,602 ERROR Nacos Server did not start because dumpservice bean construction failure :
java.lang.IllegalStateException: No DataSource set

2021-05-27 22:29:17,921 WARN [master-db] jdbc:mysql://mysql:3306/nacos_devtest?characterEncoding=utf8&connectTimeout=1000&socketTimeout=3000&autoReconnect=true

2021-05-27 22:29:19,052 WARN isQuickStart:false

2021-05-27 22:31:04,731 WARN [master-db] jdbc:mysql://mysql:3306/nacos_devtest?characterEncoding=utf8&connectTimeout=1000&socketTimeout=3000&autoReconnect=true

2021-05-27 22:31:05,719 WARN isQuickStart:false

