2021-05-27 22:03:09,704 INFO Init loader limit rule from local,rule=

2021-05-27 22:06:53,393 INFO Init loader limit rule from local,rule=

2021-05-27 22:09:10,536 INFO Init loader limit rule from local,rule=

2021-05-27 22:20:06,543 INFO Init loader limit rule from local,rule=

2021-05-27 22:29:19,004 INFO Init loader limit rule from local,rule=

2021-05-27 22:29:19,299 INFO [ClientConnectionEventListenerRegistry] registry listener - ConfigConnectionEventListener

2021-05-27 22:29:19,325 INFO [ClientConnectionEventListenerRegistry] registry listener - RpcAckCallbackInitorOrCleaner

2021-05-27 22:29:19,523 INFO Nacos GrpcSdkServer Rpc server starting at port 9848

2021-05-27 22:29:20,181 INFO Nacos GrpcSdkServer Rpc server started at port 9848

2021-05-27 22:29:20,193 INFO Nacos GrpcClusterServer Rpc server starting at port 9849

2021-05-27 22:29:20,196 INFO Nacos GrpcClusterServer Rpc server started at port 9849

2021-05-27 22:29:20,216 INFO [ClientConnectionEventListenerRegistry] registry listener - ConnectionBasedClientManager

2021-05-27 22:31:05,679 INFO Init loader limit rule from local,rule=

2021-05-27 22:31:05,889 INFO [ClientConnectionEventListenerRegistry] registry listener - ConfigConnectionEventListener

2021-05-27 22:31:05,920 INFO [ClientConnectionEventListenerRegistry] registry listener - RpcAckCallbackInitorOrCleaner

2021-05-27 22:31:06,109 INFO Nacos GrpcSdkServer Rpc server starting at port 9848

2021-05-27 22:31:06,681 INFO Nacos GrpcSdkServer Rpc server started at port 9848

2021-05-27 22:31:06,684 INFO Nacos GrpcClusterServer Rpc server starting at port 9849

2021-05-27 22:31:06,685 INFO Nacos GrpcClusterServer Rpc server started at port 9849

2021-05-27 22:31:06,722 INFO [ClientConnectionEventListenerRegistry] registry listener - ConnectionBasedClientManager

