2021-05-28 00:00:02,564 INFO Connection check task start

2021-05-28 00:00:02,586 INFO Total count =0, sdkCount=0,clusterCount=0, currentLimit=-1, toExpelCount=0

2021-05-28 00:00:02,588 INFO Check over limit for ip limit rule, over limit ip count=0

2021-05-28 00:00:02,589 INFO Out dated connection ,size=0

2021-05-28 00:00:02,589 INFO Connection check task end

2021-05-28 00:00:05,591 INFO Connection check task start

2021-05-28 00:00:05,592 INFO Total count =0, sdkCount=0,clusterCount=0, currentLimit=-1, toExpelCount=0

2021-05-28 00:00:05,594 INFO Check over limit for ip limit rule, over limit ip count=0

2021-05-28 00:00:05,594 INFO Out dated connection ,size=0

2021-05-28 00:00:05,596 INFO Connection check task end

2021-05-28 00:00:08,597 INFO Connection check task start

2021-05-28 00:00:08,598 INFO Total count =0, sdkCount=0,clusterCount=0, currentLimit=-1, toExpelCount=0

2021-05-28 00:00:08,598 INFO Check over limit for ip limit rule, over limit ip count=0

2021-05-28 00:00:08,599 INFO Out dated connection ,size=0

2021-05-28 00:00:08,600 INFO Connection check task end

2021-05-28 00:00:11,601 INFO Connection check task start

2021-05-28 00:00:11,602 INFO Total count =0, sdkCount=0,clusterCount=0, currentLimit=-1, toExpelCount=0

2021-05-28 00:00:11,603 INFO Check over limit for ip limit rule, over limit ip count=0

2021-05-28 00:00:11,604 INFO Out dated connection ,size=0

2021-05-28 00:00:11,605 INFO Connection check task end

2021-05-28 00:00:14,606 INFO Connection check task start

2021-05-28 00:00:14,607 INFO Total count =0, sdkCount=0,clusterCount=0, currentLimit=-1, toExpelCount=0

2021-05-28 00:00:14,608 INFO Check over limit for ip limit rule, over limit ip count=0

2021-05-28 00:00:14,609 INFO Out dated connection ,size=0

2021-05-28 00:00:14,609 INFO Connection check task end

2021-05-28 00:00:17,611 INFO Connection check task start

2021-05-28 00:00:17,612 INFO Total count =0, sdkCount=0,clusterCount=0, currentLimit=-1, toExpelCount=0

2021-05-28 00:00:17,613 INFO Check over limit for ip limit rule, over limit ip count=0

2021-05-28 00:00:17,614 INFO Out dated connection ,size=0

2021-05-28 00:00:17,614 INFO Connection check task end

2021-05-28 00:00:20,616 INFO Connection check task start

2021-05-28 00:00:20,617 INFO Total count =0, sdkCount=0,clusterCount=0, currentLimit=-1, toExpelCount=0

2021-05-28 00:00:20,618 INFO Check over limit for ip limit rule, over limit ip count=0

2021-05-28 00:00:20,619 INFO Out dated connection ,size=0

2021-05-28 00:00:20,620 INFO Connection check task end

2021-05-28 00:00:23,621 INFO Connection check task start

2021-05-28 00:00:23,622 INFO Total count =0, sdkCount=0,clusterCount=0, currentLimit=-1, toExpelCount=0

2021-05-28 00:00:23,623 INFO Check over limit for ip limit rule, over limit ip count=0

2021-05-28 00:00:23,624 INFO Out dated connection ,size=0

2021-05-28 00:00:23,625 INFO Connection check task end

2021-05-28 00:00:26,625 INFO Connection check task start

2021-05-28 00:00:26,627 INFO Total count =0, sdkCount=0,clusterCount=0, currentLimit=-1, toExpelCount=0

2021-05-28 00:00:26,627 INFO Check over limit for ip limit rule, over limit ip count=0

2021-05-28 00:00:26,628 INFO Out dated connection ,size=0

2021-05-28 00:00:26,628 INFO Connection check task end

2021-05-28 00:00:29,629 INFO Connection check task start

2021-05-28 00:00:29,631 INFO Total count =0, sdkCount=0,clusterCount=0, currentLimit=-1, toExpelCount=0

2021-05-28 00:00:29,632 INFO Check over limit for ip limit rule, over limit ip count=0

2021-05-28 00:00:29,632 INFO Out dated connection ,size=0

2021-05-28 00:00:29,634 INFO Connection check task end

2021-05-28 00:00:32,634 INFO Connection check task start

2021-05-28 00:00:32,636 INFO Total count =0, sdkCount=0,clusterCount=0, currentLimit=-1, toExpelCount=0

2021-05-28 00:00:32,636 INFO Check over limit for ip limit rule, over limit ip count=0

2021-05-28 00:00:32,637 INFO Out dated connection ,size=0

2021-05-28 00:00:32,638 INFO Connection check task end

2021-05-28 00:00:35,639 INFO Connection check task start

2021-05-28 00:00:35,640 INFO Total count =0, sdkCount=0,clusterCount=0, currentLimit=-1, toExpelCount=0

2021-05-28 00:00:35,641 INFO Check over limit for ip limit rule, over limit ip count=0

2021-05-28 00:00:35,641 INFO Out dated connection ,size=0

2021-05-28 00:00:35,643 INFO Connection check task end

2021-05-28 00:00:38,643 INFO Connection check task start

2021-05-28 00:00:38,645 INFO Total count =0, sdkCount=0,clusterCount=0, currentLimit=-1, toExpelCount=0

2021-05-28 00:00:38,645 INFO Check over limit for ip limit rule, over limit ip count=0

2021-05-28 00:00:38,646 INFO Out dated connection ,size=0

2021-05-28 00:00:38,646 INFO Connection check task end

2021-05-28 00:00:41,648 INFO Connection check task start

2021-05-28 00:00:41,650 INFO Total count =0, sdkCount=0,clusterCount=0, currentLimit=-1, toExpelCount=0

2021-05-28 00:00:41,651 INFO Check over limit for ip limit rule, over limit ip count=0

2021-05-28 00:00:41,651 INFO Out dated connection ,size=0

2021-05-28 00:00:41,652 INFO Connection check task end

2021-05-28 00:00:44,652 INFO Connection check task start

2021-05-28 00:00:44,653 INFO Total count =0, sdkCount=0,clusterCount=0, currentLimit=-1, toExpelCount=0

2021-05-28 00:00:44,654 INFO Check over limit for ip limit rule, over limit ip count=0

2021-05-28 00:00:44,655 INFO Out dated connection ,size=0

2021-05-28 00:00:44,656 INFO Connection check task end

2021-05-28 00:00:47,656 INFO Connection check task start

2021-05-28 00:00:47,658 INFO Total count =0, sdkCount=0,clusterCount=0, currentLimit=-1, toExpelCount=0

2021-05-28 00:00:47,659 INFO Check over limit for ip limit rule, over limit ip count=0

2021-05-28 00:00:47,660 INFO Out dated connection ,size=0

2021-05-28 00:00:47,661 INFO Connection check task end

2021-05-28 00:00:50,661 INFO Connection check task start

2021-05-28 00:00:50,662 INFO Total count =0, sdkCount=0,clusterCount=0, currentLimit=-1, toExpelCount=0

2021-05-28 00:00:50,663 INFO Check over limit for ip limit rule, over limit ip count=0

2021-05-28 00:00:50,663 INFO Out dated connection ,size=0

2021-05-28 00:00:50,664 INFO Connection check task end

2021-05-28 00:00:53,665 INFO Connection check task start

2021-05-28 00:00:53,667 INFO Total count =0, sdkCount=0,clusterCount=0, currentLimit=-1, toExpelCount=0

2021-05-28 00:00:53,668 INFO Check over limit for ip limit rule, over limit ip count=0

2021-05-28 00:00:53,668 INFO Out dated connection ,size=0

2021-05-28 00:00:53,669 INFO Connection check task end

2021-05-28 00:00:56,670 INFO Connection check task start

2021-05-28 00:00:56,671 INFO Total count =0, sdkCount=0,clusterCount=0, currentLimit=-1, toExpelCount=0

2021-05-28 00:00:56,672 INFO Check over limit for ip limit rule, over limit ip count=0

2021-05-28 00:00:56,672 INFO Out dated connection ,size=0

2021-05-28 00:00:56,673 INFO Connection check task end

2021-05-28 00:00:59,673 INFO Connection check task start

2021-05-28 00:00:59,675 INFO Total count =0, sdkCount=0,clusterCount=0, currentLimit=-1, toExpelCount=0

2021-05-28 00:00:59,676 INFO Check over limit for ip limit rule, over limit ip count=0

2021-05-28 00:00:59,677 INFO Out dated connection ,size=0

2021-05-28 00:00:59,678 INFO Connection check task end

2021-05-28 00:01:02,679 INFO Connection check task start

2021-05-28 00:01:02,680 INFO Total count =0, sdkCount=0,clusterCount=0, currentLimit=-1, toExpelCount=0

2021-05-28 00:01:02,681 INFO Check over limit for ip limit rule, over limit ip count=0

2021-05-28 00:01:02,681 INFO Out dated connection ,size=0

2021-05-28 00:01:02,682 INFO Connection check task end

2021-05-28 00:01:05,683 INFO Connection check task start

2021-05-28 00:01:05,686 INFO Total count =0, sdkCount=0,clusterCount=0, currentLimit=-1, toExpelCount=0

2021-05-28 00:01:05,687 INFO Check over limit for ip limit rule, over limit ip count=0

2021-05-28 00:01:05,688 INFO Out dated connection ,size=0

2021-05-28 00:01:05,689 INFO Connection check task end

