
         ,--.
       ,--.'|
   ,--,:  : |                                           Nacos 2.0.0
,`--.'`|  ' :                       ,---.               Running in stand alone mode, All function modules
|   :  :  | |                      '   ,'\   .--.--.    Port: 8848
:   |   \ | :  ,--.--.     ,---.  /   /   | /  /    '   Pid: 23
|   : '  '; | /       \   /     \.   ; ,. :|  :  /`./   Console: http://9b9a657178fc:8848/nacos/index.html
'   ' ;.    ;.--.  .-. | /    / ''   | |: :|  :  ;_
|   | | \   | \__\/: . ..    ' / '   | .; : \  \    `.      https://nacos.io
'   : |  ; .' ," .--.; |'   ; :__|   :    |  `----.   \
|   | '`--'  /  /  ,.  |'   | '.'|\   \  /  /  /`--'  /
'   : |     ;  :   .'   \   :    : `----'  '--'.     /
;   |.'     |  ,     .-./\   \  /            `--'---'
'---'        `--`---'     `----'

2021-05-27 22:31:03,149 INFO Bean 'org.springframework.security.access.expression.method.DefaultMethodSecurityExpressionHandler@9257031' of type [org.springframework.security.access.expression.method.DefaultMethodSecurityExpressionHandler] is not eligible for getting processed by all BeanPostProcessors (for example: not eligible for auto-proxying)

2021-05-27 22:31:03,161 INFO Bean 'methodSecurityMetadataSource' of type [org.springframework.security.access.method.DelegatingMethodSecurityMetadataSource] is not eligible for getting processed by all BeanPostProcessors (for example: not eligible for auto-proxying)

2021-05-27 22:31:03,611 INFO Tomcat initialized with port(s): 8848 (http)

2021-05-27 22:31:03,988 INFO Root WebApplicationContext: initialization completed in 5728 ms

2021-05-27 22:31:08,140 INFO Initializing ExecutorService 'applicationTaskExecutor'

2021-05-27 22:31:08,309 INFO Adding welcome page: class path resource [static/index.html]

2021-05-27 22:31:08,700 INFO Creating filter chain: Ant [pattern='/**'], []

2021-05-27 22:31:08,736 INFO Creating filter chain: any request, [org.springframework.security.web.context.request.async.WebAsyncManagerIntegrationFilter@1290c49, org.springframework.security.web.context.SecurityContextPersistenceFilter@72456279, org.springframework.security.web.header.HeaderWriterFilter@524a2ffb, org.springframework.security.web.csrf.CsrfFilter@4e1ce44, org.springframework.security.web.authentication.logout.LogoutFilter@fb6097b, org.springframework.security.web.savedrequest.RequestCacheAwareFilter@21f459fc, org.springframework.security.web.servletapi.SecurityContextHolderAwareRequestFilter@84487f4, org.springframework.security.web.authentication.AnonymousAuthenticationFilter@6a9b9909, org.springframework.security.web.session.SessionManagementFilter@332820f4, org.springframework.security.web.access.ExceptionTranslationFilter@7a7cc52c]

2021-05-27 22:31:08,840 INFO Initializing ExecutorService 'taskScheduler'

2021-05-27 22:31:08,870 INFO Exposing 16 endpoint(s) beneath base path '/actuator'

2021-05-27 22:31:09,006 INFO Tomcat started on port(s): 8848 (http) with context path '/nacos'

2021-05-27 22:31:09,014 INFO Nacos started successfully in stand alone mode. use external storage

2021-05-27 22:31:21,211 INFO Initializing Servlet 'dispatcherServlet'

2021-05-27 22:31:21,240 INFO Completed initialization in 27 ms

