2021-05-27 22:03:09,718 INFO Register tps control,pointName=CONFIG_PUSH_COUNT, point=com.alibaba.nacos.core.remote.control.TpsMonitorPoint@2532b351 

2021-05-27 22:03:09,719 INFO Load rule from local,pointName=CONFIG_PUSH_COUNT, ruleContent= 

2021-05-27 22:03:09,720 INFO Apply tps control rule parse start,pointName=[CONFIG_PUSH_COUNT]  

2021-05-27 22:03:09,721 INFO Clear point  control rule ,pointName=[CONFIG_PUSH_COUNT]  

2021-05-27 22:03:09,722 INFO Clear point  control rule for monitorKeys, pointName=[CONFIG_PUSH_COUNT]  

2021-05-27 22:03:09,722 INFO Register tps control,pointName=CONFIG_PUSH_SUCCESS, point=com.alibaba.nacos.core.remote.control.TpsMonitorPoint@4349754 

2021-05-27 22:03:09,723 INFO Load rule from local,pointName=CONFIG_PUSH_SUCCESS, ruleContent= 

2021-05-27 22:03:09,725 INFO Apply tps control rule parse start,pointName=[CONFIG_PUSH_SUCCESS]  

2021-05-27 22:03:09,726 INFO Clear point  control rule ,pointName=[CONFIG_PUSH_SUCCESS]  

2021-05-27 22:03:09,727 INFO Clear point  control rule for monitorKeys, pointName=[CONFIG_PUSH_SUCCESS]  

2021-05-27 22:03:09,727 INFO Register tps control,pointName=CONFIG_PUSH_FAIL, point=com.alibaba.nacos.core.remote.control.TpsMonitorPoint@6a2eea2a 

2021-05-27 22:03:09,728 INFO Load rule from local,pointName=CONFIG_PUSH_COUNT, ruleContent= 

2021-05-27 22:03:09,729 INFO Apply tps control rule parse start,pointName=[CONFIG_PUSH_COUNT]  

2021-05-27 22:03:09,730 INFO Clear point  control rule ,pointName=[CONFIG_PUSH_COUNT]  

2021-05-27 22:03:09,730 INFO Clear point  control rule for monitorKeys, pointName=[CONFIG_PUSH_COUNT]  

2021-05-27 22:03:09,731 INFO Load rule from local,pointName=CONFIG_PUSH_FAIL, ruleContent= 

2021-05-27 22:03:09,733 INFO Apply tps control rule parse start,pointName=[CONFIG_PUSH_FAIL]  

2021-05-27 22:03:09,733 INFO Clear point  control rule ,pointName=[CONFIG_PUSH_FAIL]  

2021-05-27 22:03:09,733 INFO Clear point  control rule for monitorKeys, pointName=[CONFIG_PUSH_FAIL]  

2021-05-27 22:03:09,740 INFO Load rule from local,pointName=CONFIG_PUSH_SUCCESS, ruleContent= 

2021-05-27 22:03:09,740 INFO Apply tps control rule parse start,pointName=[CONFIG_PUSH_SUCCESS]  

2021-05-27 22:03:09,741 INFO Clear point  control rule ,pointName=[CONFIG_PUSH_SUCCESS]  

2021-05-27 22:03:09,741 INFO Clear point  control rule for monitorKeys, pointName=[CONFIG_PUSH_SUCCESS]  

2021-05-27 22:03:09,742 INFO Load rule from local,pointName=CONFIG_PUSH_FAIL, ruleContent= 

2021-05-27 22:03:09,742 INFO Apply tps control rule parse start,pointName=[CONFIG_PUSH_FAIL]  

2021-05-27 22:03:09,743 INFO Clear point  control rule ,pointName=[CONFIG_PUSH_FAIL]  

2021-05-27 22:03:09,743 INFO Clear point  control rule for monitorKeys, pointName=[CONFIG_PUSH_FAIL]  

2021-05-27 22:06:53,413 INFO Register tps control,pointName=CONFIG_PUSH_COUNT, point=com.alibaba.nacos.core.remote.control.TpsMonitorPoint@5bb7643d 

2021-05-27 22:06:53,414 INFO Load rule from local,pointName=CONFIG_PUSH_COUNT, ruleContent= 

2021-05-27 22:06:53,415 INFO Apply tps control rule parse start,pointName=[CONFIG_PUSH_COUNT]  

2021-05-27 22:06:53,415 INFO Clear point  control rule ,pointName=[CONFIG_PUSH_COUNT]  

2021-05-27 22:06:53,417 INFO Clear point  control rule for monitorKeys, pointName=[CONFIG_PUSH_COUNT]  

2021-05-27 22:06:53,418 INFO Register tps control,pointName=CONFIG_PUSH_SUCCESS, point=com.alibaba.nacos.core.remote.control.TpsMonitorPoint@3ac04654 

2021-05-27 22:06:53,418 INFO Load rule from local,pointName=CONFIG_PUSH_SUCCESS, ruleContent= 

2021-05-27 22:06:53,419 INFO Apply tps control rule parse start,pointName=[CONFIG_PUSH_SUCCESS]  

2021-05-27 22:06:53,419 INFO Clear point  control rule ,pointName=[CONFIG_PUSH_SUCCESS]  

2021-05-27 22:06:53,420 INFO Clear point  control rule for monitorKeys, pointName=[CONFIG_PUSH_SUCCESS]  

2021-05-27 22:06:53,420 INFO Register tps control,pointName=CONFIG_PUSH_FAIL, point=com.alibaba.nacos.core.remote.control.TpsMonitorPoint@4074023c 

2021-05-27 22:06:53,421 INFO Load rule from local,pointName=CONFIG_PUSH_FAIL, ruleContent= 

2021-05-27 22:06:53,421 INFO Apply tps control rule parse start,pointName=[CONFIG_PUSH_FAIL]  

2021-05-27 22:06:53,422 INFO Clear point  control rule ,pointName=[CONFIG_PUSH_FAIL]  

2021-05-27 22:06:53,422 INFO Clear point  control rule for monitorKeys, pointName=[CONFIG_PUSH_FAIL]  

2021-05-27 22:09:10,545 INFO Register tps control,pointName=CONFIG_PUSH_COUNT, point=com.alibaba.nacos.core.remote.control.TpsMonitorPoint@6c298dc 

2021-05-27 22:09:10,547 INFO Load rule from local,pointName=CONFIG_PUSH_COUNT, ruleContent= 

2021-05-27 22:09:10,552 INFO Apply tps control rule parse start,pointName=[CONFIG_PUSH_COUNT]  

2021-05-27 22:09:10,552 INFO Clear point  control rule ,pointName=[CONFIG_PUSH_COUNT]  

2021-05-27 22:09:10,553 INFO Clear point  control rule for monitorKeys, pointName=[CONFIG_PUSH_COUNT]  

2021-05-27 22:09:10,554 INFO Register tps control,pointName=CONFIG_PUSH_SUCCESS, point=com.alibaba.nacos.core.remote.control.TpsMonitorPoint@3e7dfd44 

2021-05-27 22:09:10,555 INFO Load rule from local,pointName=CONFIG_PUSH_SUCCESS, ruleContent= 

2021-05-27 22:09:10,555 INFO Apply tps control rule parse start,pointName=[CONFIG_PUSH_SUCCESS]  

2021-05-27 22:09:10,556 INFO Clear point  control rule ,pointName=[CONFIG_PUSH_SUCCESS]  

2021-05-27 22:09:10,556 INFO Clear point  control rule for monitorKeys, pointName=[CONFIG_PUSH_SUCCESS]  

2021-05-27 22:09:10,557 INFO Register tps control,pointName=CONFIG_PUSH_FAIL, point=com.alibaba.nacos.core.remote.control.TpsMonitorPoint@723ed581 

2021-05-27 22:09:10,557 INFO Load rule from local,pointName=CONFIG_PUSH_FAIL, ruleContent= 

2021-05-27 22:09:10,558 INFO Apply tps control rule parse start,pointName=[CONFIG_PUSH_FAIL]  

2021-05-27 22:09:10,558 INFO Clear point  control rule ,pointName=[CONFIG_PUSH_FAIL]  

2021-05-27 22:09:10,559 INFO Clear point  control rule for monitorKeys, pointName=[CONFIG_PUSH_FAIL]  

2021-05-27 22:20:06,561 INFO Register tps control,pointName=CONFIG_PUSH_COUNT, point=com.alibaba.nacos.core.remote.control.TpsMonitorPoint@2c306a57 

2021-05-27 22:20:06,569 INFO Load rule from local,pointName=CONFIG_PUSH_COUNT, ruleContent= 

2021-05-27 22:20:06,570 INFO Apply tps control rule parse start,pointName=[CONFIG_PUSH_COUNT]  

2021-05-27 22:20:06,577 INFO Clear point  control rule ,pointName=[CONFIG_PUSH_COUNT]  

2021-05-27 22:20:06,579 INFO Clear point  control rule for monitorKeys, pointName=[CONFIG_PUSH_COUNT]  

2021-05-27 22:20:06,580 INFO Register tps control,pointName=CONFIG_PUSH_SUCCESS, point=com.alibaba.nacos.core.remote.control.TpsMonitorPoint@773e2eb5 

2021-05-27 22:20:06,581 INFO Load rule from local,pointName=CONFIG_PUSH_SUCCESS, ruleContent= 

2021-05-27 22:20:06,581 INFO Apply tps control rule parse start,pointName=[CONFIG_PUSH_SUCCESS]  

2021-05-27 22:20:06,582 INFO Clear point  control rule ,pointName=[CONFIG_PUSH_SUCCESS]  

2021-05-27 22:20:06,582 INFO Clear point  control rule for monitorKeys, pointName=[CONFIG_PUSH_SUCCESS]  

2021-05-27 22:20:06,583 INFO Register tps control,pointName=CONFIG_PUSH_FAIL, point=com.alibaba.nacos.core.remote.control.TpsMonitorPoint@d8948cd 

2021-05-27 22:20:06,583 INFO Load rule from local,pointName=CONFIG_PUSH_FAIL, ruleContent= 

2021-05-27 22:20:06,584 INFO Apply tps control rule parse start,pointName=[CONFIG_PUSH_FAIL]  

2021-05-27 22:20:06,584 INFO Clear point  control rule ,pointName=[CONFIG_PUSH_FAIL]  

2021-05-27 22:20:06,584 INFO Clear point  control rule for monitorKeys, pointName=[CONFIG_PUSH_FAIL]  

2021-05-27 22:29:19,016 INFO Register tps control,pointName=CONFIG_PUSH_COUNT, point=com.alibaba.nacos.core.remote.control.TpsMonitorPoint@1e6dad8 

2021-05-27 22:29:19,019 INFO Load rule from local,pointName=CONFIG_PUSH_COUNT, ruleContent= 

2021-05-27 22:29:19,019 INFO Apply tps control rule parse start,pointName=[CONFIG_PUSH_COUNT]  

2021-05-27 22:29:19,020 INFO Clear point  control rule ,pointName=[CONFIG_PUSH_COUNT]  

2021-05-27 22:29:19,021 INFO Clear point  control rule for monitorKeys, pointName=[CONFIG_PUSH_COUNT]  

2021-05-27 22:29:19,021 INFO Register tps control,pointName=CONFIG_PUSH_SUCCESS, point=com.alibaba.nacos.core.remote.control.TpsMonitorPoint@7b3315a5 

2021-05-27 22:29:19,023 INFO Load rule from local,pointName=CONFIG_PUSH_SUCCESS, ruleContent= 

2021-05-27 22:29:19,024 INFO Apply tps control rule parse start,pointName=[CONFIG_PUSH_SUCCESS]  

2021-05-27 22:29:19,026 INFO Clear point  control rule ,pointName=[CONFIG_PUSH_SUCCESS]  

2021-05-27 22:29:19,027 INFO Clear point  control rule for monitorKeys, pointName=[CONFIG_PUSH_SUCCESS]  

2021-05-27 22:29:19,028 INFO Register tps control,pointName=CONFIG_PUSH_FAIL, point=com.alibaba.nacos.core.remote.control.TpsMonitorPoint@8ed9cf 

2021-05-27 22:29:19,028 INFO Load rule from local,pointName=CONFIG_PUSH_COUNT, ruleContent= 

2021-05-27 22:29:19,035 INFO Apply tps control rule parse start,pointName=[CONFIG_PUSH_COUNT]  

2021-05-27 22:29:19,035 INFO Clear point  control rule ,pointName=[CONFIG_PUSH_COUNT]  

2021-05-27 22:29:19,036 INFO Clear point  control rule for monitorKeys, pointName=[CONFIG_PUSH_COUNT]  

2021-05-27 22:29:19,036 INFO Load rule from local,pointName=CONFIG_PUSH_SUCCESS, ruleContent= 

2021-05-27 22:29:19,037 INFO Apply tps control rule parse start,pointName=[CONFIG_PUSH_SUCCESS]  

2021-05-27 22:29:19,038 INFO Clear point  control rule ,pointName=[CONFIG_PUSH_SUCCESS]  

2021-05-27 22:29:19,038 INFO Clear point  control rule for monitorKeys, pointName=[CONFIG_PUSH_SUCCESS]  

2021-05-27 22:29:19,039 INFO Load rule from local,pointName=CONFIG_PUSH_FAIL, ruleContent= 

2021-05-27 22:29:19,039 INFO Apply tps control rule parse start,pointName=[CONFIG_PUSH_FAIL]  

2021-05-27 22:29:19,040 INFO Clear point  control rule ,pointName=[CONFIG_PUSH_FAIL]  

2021-05-27 22:29:19,040 INFO Clear point  control rule for monitorKeys, pointName=[CONFIG_PUSH_FAIL]  

2021-05-27 22:29:22,941 INFO Register tps control,pointName=ConfigQuery, point=com.alibaba.nacos.core.remote.control.TpsMonitorPoint@608bc8f8 

2021-05-27 22:29:22,942 INFO Load rule from local,pointName=ConfigQuery, ruleContent= 

2021-05-27 22:29:22,942 INFO Apply tps control rule parse start,pointName=[ConfigQuery]  

2021-05-27 22:29:22,943 INFO Clear point  control rule ,pointName=[ConfigQuery]  

2021-05-27 22:29:22,945 INFO Clear point  control rule for monitorKeys, pointName=[ConfigQuery]  

2021-05-27 22:29:22,946 INFO Register tps control,pointName=ClusterConfigChangeNotify, point=com.alibaba.nacos.core.remote.control.TpsMonitorPoint@5412bfea 

2021-05-27 22:29:22,947 INFO Load rule from local,pointName=ClusterConfigChangeNotify, ruleContent= 

2021-05-27 22:29:22,947 INFO Apply tps control rule parse start,pointName=[ClusterConfigChangeNotify]  

2021-05-27 22:29:22,948 INFO Clear point  control rule ,pointName=[ClusterConfigChangeNotify]  

2021-05-27 22:29:22,949 INFO Clear point  control rule for monitorKeys, pointName=[ClusterConfigChangeNotify]  

2021-05-27 22:29:22,949 INFO Register tps control,pointName=ConfigListen, point=com.alibaba.nacos.core.remote.control.TpsMonitorPoint@44a6a68e 

2021-05-27 22:29:22,950 INFO Load rule from local,pointName=ConfigListen, ruleContent= 

2021-05-27 22:29:22,950 INFO Apply tps control rule parse start,pointName=[ConfigListen]  

2021-05-27 22:29:22,950 INFO Clear point  control rule ,pointName=[ConfigListen]  

2021-05-27 22:29:22,951 INFO Clear point  control rule for monitorKeys, pointName=[ConfigListen]  

2021-05-27 22:29:22,951 INFO Register tps control,pointName=ConfigRemove, point=com.alibaba.nacos.core.remote.control.TpsMonitorPoint@4743a322 

2021-05-27 22:29:22,952 INFO Load rule from local,pointName=ConfigRemove, ruleContent= 

2021-05-27 22:29:22,952 INFO Apply tps control rule parse start,pointName=[ConfigRemove]  

2021-05-27 22:29:22,952 INFO Clear point  control rule ,pointName=[ConfigRemove]  

2021-05-27 22:29:22,953 INFO Clear point  control rule for monitorKeys, pointName=[ConfigRemove]  

2021-05-27 22:29:22,953 INFO Register tps control,pointName=ConfigPublish, point=com.alibaba.nacos.core.remote.control.TpsMonitorPoint@79316f3a 

2021-05-27 22:29:22,954 INFO Load rule from local,pointName=ConfigPublish, ruleContent= 

2021-05-27 22:29:22,955 INFO Apply tps control rule parse start,pointName=[ConfigPublish]  

2021-05-27 22:29:22,955 INFO Clear point  control rule ,pointName=[ConfigPublish]  

2021-05-27 22:29:22,955 INFO Clear point  control rule for monitorKeys, pointName=[ConfigPublish]  

2021-05-27 22:29:22,956 INFO Register tps control,pointName=HealthCheck, point=com.alibaba.nacos.core.remote.control.TpsMonitorPoint@381d7219 

2021-05-27 22:29:22,957 INFO Load rule from local,pointName=HealthCheck, ruleContent= 

2021-05-27 22:29:22,957 INFO Apply tps control rule parse start,pointName=[HealthCheck]  

2021-05-27 22:29:22,957 INFO Clear point  control rule ,pointName=[HealthCheck]  

2021-05-27 22:29:22,958 INFO Clear point  control rule for monitorKeys, pointName=[HealthCheck]  

2021-05-27 22:31:05,692 INFO Register tps control,pointName=CONFIG_PUSH_COUNT, point=com.alibaba.nacos.core.remote.control.TpsMonitorPoint@377008df 

2021-05-27 22:31:05,700 INFO Load rule from local,pointName=CONFIG_PUSH_COUNT, ruleContent= 

2021-05-27 22:31:05,700 INFO Apply tps control rule parse start,pointName=[CONFIG_PUSH_COUNT]  

2021-05-27 22:31:05,704 INFO Clear point  control rule ,pointName=[CONFIG_PUSH_COUNT]  

2021-05-27 22:31:05,705 INFO Clear point  control rule for monitorKeys, pointName=[CONFIG_PUSH_COUNT]  

2021-05-27 22:31:05,705 INFO Register tps control,pointName=CONFIG_PUSH_SUCCESS, point=com.alibaba.nacos.core.remote.control.TpsMonitorPoint@540dbda9 

2021-05-27 22:31:05,706 INFO Load rule from local,pointName=CONFIG_PUSH_SUCCESS, ruleContent= 

2021-05-27 22:31:05,706 INFO Apply tps control rule parse start,pointName=[CONFIG_PUSH_SUCCESS]  

2021-05-27 22:31:05,706 INFO Clear point  control rule ,pointName=[CONFIG_PUSH_SUCCESS]  

2021-05-27 22:31:05,707 INFO Clear point  control rule for monitorKeys, pointName=[CONFIG_PUSH_SUCCESS]  

2021-05-27 22:31:05,707 INFO Register tps control,pointName=CONFIG_PUSH_FAIL, point=com.alibaba.nacos.core.remote.control.TpsMonitorPoint@22bb5646 

2021-05-27 22:31:05,707 INFO Load rule from local,pointName=CONFIG_PUSH_FAIL, ruleContent= 

2021-05-27 22:31:05,708 INFO Apply tps control rule parse start,pointName=[CONFIG_PUSH_FAIL]  

2021-05-27 22:31:05,708 INFO Clear point  control rule ,pointName=[CONFIG_PUSH_FAIL]  

2021-05-27 22:31:05,708 INFO Clear point  control rule for monitorKeys, pointName=[CONFIG_PUSH_FAIL]  

2021-05-27 22:31:08,957 INFO Register tps control,pointName=ConfigQuery, point=com.alibaba.nacos.core.remote.control.TpsMonitorPoint@7569ea63 

2021-05-27 22:31:08,959 INFO Load rule from local,pointName=ConfigQuery, ruleContent= 

2021-05-27 22:31:08,959 INFO Apply tps control rule parse start,pointName=[ConfigQuery]  

2021-05-27 22:31:08,959 INFO Clear point  control rule ,pointName=[ConfigQuery]  

2021-05-27 22:31:08,960 INFO Clear point  control rule for monitorKeys, pointName=[ConfigQuery]  

2021-05-27 22:31:08,960 INFO Register tps control,pointName=ClusterConfigChangeNotify, point=com.alibaba.nacos.core.remote.control.TpsMonitorPoint@ebd06a9 

2021-05-27 22:31:08,961 INFO Load rule from local,pointName=ClusterConfigChangeNotify, ruleContent= 

2021-05-27 22:31:08,961 INFO Apply tps control rule parse start,pointName=[ClusterConfigChangeNotify]  

2021-05-27 22:31:08,961 INFO Clear point  control rule ,pointName=[ClusterConfigChangeNotify]  

2021-05-27 22:31:08,962 INFO Clear point  control rule for monitorKeys, pointName=[ClusterConfigChangeNotify]  

2021-05-27 22:31:08,962 INFO Register tps control,pointName=ConfigListen, point=com.alibaba.nacos.core.remote.control.TpsMonitorPoint@16c587de 

2021-05-27 22:31:08,963 INFO Load rule from local,pointName=ConfigListen, ruleContent= 

2021-05-27 22:31:08,963 INFO Apply tps control rule parse start,pointName=[ConfigListen]  

2021-05-27 22:31:08,964 INFO Clear point  control rule ,pointName=[ConfigListen]  

2021-05-27 22:31:08,964 INFO Clear point  control rule for monitorKeys, pointName=[ConfigListen]  

2021-05-27 22:31:08,964 INFO Register tps control,pointName=ConfigRemove, point=com.alibaba.nacos.core.remote.control.TpsMonitorPoint@4cdb8504 

2021-05-27 22:31:08,965 INFO Load rule from local,pointName=ConfigRemove, ruleContent= 

2021-05-27 22:31:08,965 INFO Apply tps control rule parse start,pointName=[ConfigRemove]  

2021-05-27 22:31:08,966 INFO Clear point  control rule ,pointName=[ConfigRemove]  

2021-05-27 22:31:08,966 INFO Clear point  control rule for monitorKeys, pointName=[ConfigRemove]  

2021-05-27 22:31:08,966 INFO Register tps control,pointName=ConfigPublish, point=com.alibaba.nacos.core.remote.control.TpsMonitorPoint@76db540e 

2021-05-27 22:31:08,967 INFO Load rule from local,pointName=ConfigPublish, ruleContent= 

2021-05-27 22:31:08,967 INFO Apply tps control rule parse start,pointName=[ConfigPublish]  

2021-05-27 22:31:08,967 INFO Clear point  control rule ,pointName=[ConfigPublish]  

2021-05-27 22:31:08,968 INFO Clear point  control rule for monitorKeys, pointName=[ConfigPublish]  

2021-05-27 22:31:08,968 INFO Register tps control,pointName=HealthCheck, point=com.alibaba.nacos.core.remote.control.TpsMonitorPoint@10358c32 

2021-05-27 22:31:08,969 INFO Load rule from local,pointName=HealthCheck, ruleContent= 

2021-05-27 22:31:08,969 INFO Apply tps control rule parse start,pointName=[HealthCheck]  

2021-05-27 22:31:08,969 INFO Clear point  control rule ,pointName=[HealthCheck]  

2021-05-27 22:31:08,969 INFO Clear point  control rule for monitorKeys, pointName=[HealthCheck]  

